<?xml version="1.0" encoding="utf-8"?><testsuites name="pytest tests"><testsuite name="pytest" errors="0" failures="0" skipped="0" tests="6" time="2.931" timestamp="2026-07-24T21:06:46.103199+00:00" hostname="agent-env-d9bf2787-03a2-430f-a2aa-fd9f06ef61e0"><testcase classname="tests.test_company_import" name="test_import_certidao_requires_auth" time="0.268" /><testcase classname="tests.test_company_import" name="test_lookup_nif_requires_auth" time="0.049" /><testcase classname="tests.test_company_import" name="test_lookup_nif_invalid_returns_400" time="0.378" /><testcase classname="tests.test_company_import" name="test_lookup_nif_valid_but_no_key_returns_400" time="0.043" /><testcase classname="tests.test_company_import" name="test_import_certidao_empty_returns_422" time="0.045" /><testcase classname="tests.test_company_import" name="test_import_certidao_extracts_fields" time="1.648" /></testsuite></testsuites>