<?xml version="1.0" encoding="utf-8"?><testsuites name="pytest tests"><testsuite name="pytest" errors="0" failures="0" skipped="0" tests="4" time="46.091" timestamp="2026-07-24T15:41:37.154978+00:00" hostname="agent-env-d9bf2787-03a2-430f-a2aa-fd9f06ef61e0"><testcase classname="tests.test_company_profile" name="test_get_company" time="0.544" /><testcase classname="tests.test_company_profile" name="test_save_company_with_full_profile" time="0.100" /><testcase classname="tests.test_company_profile" name="test_ai_cache_invalidated_and_report_regenerates" time="33.404" /><testcase classname="tests.test_company_profile" name="test_ceo_daily_returns_200" time="11.492" /></testsuite></testsuites>