<?xml version="1.0" encoding="utf-8"?><testsuites name="pytest tests"><testsuite name="pytest" errors="0" failures="0" skipped="0" tests="5" time="19.382" timestamp="2026-08-03T10:06:09.439675+00:00" hostname="agent-env-9c8adcd0-edf9-4e94-b412-d48ee77ed0a0"><testcase classname="tests.test_council" name="test_get_meeting_shape" time="0.508" /><testcase classname="tests.test_council" name="test_generate_meeting_and_cache" time="18.425" /><testcase classname="tests.test_council" name="test_approve_and_tasks" time="0.113" /><testcase classname="tests.test_council" name="test_get_meeting_after_generated" time="0.046" /><testcase classname="tests.test_council" name="test_regression_meta_and_conselhos" time="0.224" /></testsuite></testsuites>