<?xml version="1.0" encoding="utf-8"?><testsuites name="pytest tests"><testsuite name="pytest" errors="0" failures="0" skipped="0" tests="6" time="1.995" timestamp="2026-08-08T13:24:26.543722+00:00" hostname="agent-env-57f1c673-7c48-40be-aeb3-fb9a55ba5483"><testcase classname="tests.test_erp_integrations" name="test_connect_and_status" time="0.448" /><testcase classname="tests.test_erp_integrations" name="test_inbound_payload_updates_context" time="0.292" /><testcase classname="tests.test_erp_integrations" name="test_disconnect" time="0.090" /><testcase classname="tests.test_erp_integrations" name="test_inbound_rejects_invalid_token" time="0.331" /><testcase classname="tests.test_erp_integrations" name="test_inbound_rejects_invalid_payload" time="0.290" /><testcase classname="tests.test_erp_integrations" name="test_finance_profile_uses_erp_context" time="0.237" /></testsuite></testsuites>