<?xml version="1.0" encoding="utf-8"?><testsuites name="pytest tests"><testsuite name="pytest" errors="0" failures="0" skipped="0" tests="7" time="1.577" timestamp="2026-08-16T23:03:47.194561+00:00" hostname="agent-env-69571ef5-2e57-4fd4-8250-9b8aa77fe225"><testcase classname="tests.test_homepage_seo_iteration51.TestSitemapXML" name="test_sitemap_returns_xml_with_lastmod" time="0.362" /><testcase classname="tests.test_homepage_seo_iteration51.TestHomepageManagementAPI" name="test_site_publishing_status_returns_homepage_fields" time="0.584" /><testcase classname="tests.test_homepage_seo_iteration51.TestPublicSections" name="test_public_sections_returns_homepage_slots" time="0.169" /><testcase classname="tests.test_homepage_seo_iteration51.TestHomepageManagementAPI" name="test_site_publishing_status_live_has_homepage_copy_fields" time="0.297" /><testcase classname="tests.test_homepage_seo_iteration51.TestGatewayAuthorization" name="test_gateway_authorization_status" time="0.454" /><testcase classname="tests.test_homepage_seo_iteration51.TestHomepageManagementAPI" name="test_homepage_proposal_generation" time="0.178" /><testcase classname="tests.test_homepage_seo_iteration51.TestHomepageManagementAPI" name="test_homepage_apply_updates_live_content" time="0.155" /></testsuite></testsuites>