<?xml version="1.0" encoding="utf-8"?><testsuites name="pytest tests"><testsuite name="pytest" errors="0" failures="0" skipped="0" tests="7" time="50.025" timestamp="2026-07-23T16:25:08.375729+00:00" hostname="agent-env-d9bf2787-03a2-430f-a2aa-fd9f06ef61e0"><testcase classname="tests.test_decisions_pages.TestFuture" name="test_future_projection" time="0.693" /><testcase classname="tests.test_decisions_pages.TestPainelCEO" name="test_decisions_shape" time="9.806" /><testcase classname="tests.test_decisions_pages.TestFuture" name="test_future_simulate_five_metrics" time="13.559" /><testcase classname="tests.test_decisions_pages.TestPainelCEO" name="test_decisions_act_done_and_snoozed" time="9.987" /><testcase classname="tests.test_decisions_pages.TestValuation" name="test_valuation_shape" time="7.596" /><testcase classname="tests.test_decisions_pages.TestHealthIndex" name="test_health_index_shape" time="11.487" /><testcase classname="tests.test_decisions_pages.TestReport" name="test_report_shape" time="27.682" /></testsuite></testsuites>