<?xml version="1.0" encoding="utf-8"?><testsuites name="pytest tests"><testsuite name="pytest" errors="0" failures="0" skipped="0" tests="12" time="6.204" timestamp="2026-08-16T16:51:26.408587+00:00" hostname="agent-env-69571ef5-2e57-4fd4-8250-9b8aa77fe225"><testcase classname="tests.test_meta_metrics_readiness" name="test_live_metrics_ready_when_insights_scopes_exist" time="0.000" /><testcase classname="tests.test_meta_metrics_readiness" name="test_live_metrics_stay_mocked_without_insights_scopes" time="0.000" /><testcase classname="tests.test_meta_metrics_readiness" name="test_granular_scopes_are_treated_as_valid_permissions" time="0.000" /><testcase classname="tests.test_meta_metrics_readiness" name="test_permissions_can_be_ready_while_metrics_stay_mocked_without_data" time="0.000" /><testcase classname="tests.test_meta_insights_api.TestMetaInsightsAPI" name="test_social_status_returns_new_insights_fields" time="0.530" /><testcase classname="tests.test_meta_insights_api.TestMetaInsightsAPI" name="test_social_diagnostics_returns_new_fields" time="0.443" /><testcase classname="tests.test_meta_insights_api.TestMetaInsightsAPI" name="test_metrics_refresh_endpoint_exists_and_responds" time="0.421" /><testcase classname="tests.test_meta_insights_api.TestMetaInsightsAPI" name="test_social_status_configured_true" time="0.423" /><testcase classname="tests.test_meta_insights_api.TestMetaInsightsAPI" name="test_connection_state_is_coherent" time="0.492" /><testcase classname="tests.test_meta_insights_api.TestMetaInsightsAPI" name="test_insights_status_is_coherent" time="0.410" /><testcase classname="tests.test_meta_insights_api.TestMetaInsightsAPI" name="test_report_source_is_coherent" time="0.424" /><testcase classname="tests.test_meta_insights_api.TestMetaInsightsAPI" name="test_no_500_errors_on_endpoints" time="0.546" /></testsuite></testsuites>