<?xml version="1.0" encoding="utf-8"?><testsuites name="pytest tests"><testsuite name="pytest" errors="0" failures="0" skipped="0" tests="4" time="191.959" timestamp="2026-08-14T11:25:56.464244+00:00" hostname="agent-env-266d009e-d132-4dd5-aa9a-d9cd12ae1cde"><testcase classname="tests.test_phase3_marketing.TestOrganicGrowthAgent" name="test_organic_growth_strategy_and_autonomy" time="53.956" /><testcase classname="tests.test_phase3_marketing.TestSocialMediaAgent" name="test_social_media_agent_schedules_only_social_posts" time="48.330" /><testcase classname="tests.test_phase3_marketing.TestSitePublishingGateway" name="test_site_publishing_gateway_architecture_and_flow" time="43.752" /><testcase classname="tests.test_phase3_marketing.TestGrowthAgent" name="test_growth_agent_internal_monitoring_and_reports" time="45.789" /></testsuite></testsuites>