<?xml version="1.0" encoding="utf-8"?><testsuites name="pytest tests"><testsuite name="pytest" errors="0" failures="0" skipped="0" tests="18" time="62.996" timestamp="2026-08-11T17:19:23.371713+00:00" hostname="agent-env-a9a2dcad-e9d9-4f4b-8c35-c3c3cef49c9e"><testcase classname="tests.test_phase3_marketing.TestRegression" name="test_council" time="0.615" /><testcase classname="tests.test_phase3_marketing.TestMarketing" name="test_get_content" time="0.680" /><testcase classname="tests.test_phase3_marketing.TestRegression" name="test_crm_leads" time="0.052" /><testcase classname="tests.test_phase3_marketing.TestRegression" name="test_crm_icp" time="0.057" /><testcase classname="tests.test_phase3_marketing.TestMarketing" name="test_generate_content" time="52.514" /><testcase classname="tests.test_phase3_marketing.TestRegression" name="test_goal" time="0.053" /><testcase classname="tests.test_phase3_marketing.TestRegression" name="test_dashboard" time="0.058" /><testcase classname="tests.test_phase3_marketing.TestSendSim" name="test_send_sim_whatsapp" time="0.107" /><testcase classname="tests.test_phase3_marketing.TestSendSim" name="test_send_sim_whatsapp_no_phone" time="0.173" /><testcase classname="tests.test_phase3_marketing.TestSendSim" name="test_send_sim_email" time="0.109" /><testcase classname="tests.test_phase3_marketing.TestSendSim" name="test_send_sim_lead_not_found" time="0.114" /><testcase classname="tests.test_phase3_marketing.TestSocialCompanyIsolation" name="test_social_status_isolated_by_active_company" time="0.385" /><testcase classname="tests.test_phase3_marketing.TestSocialCompanyIsolation" name="test_social_jobs_isolated_by_active_company" time="0.352" /><testcase classname="tests.test_phase3_marketing.TestMetaConnectionPreparation" name="test_social_pending_selection_and_finalize" time="0.228" /><testcase classname="tests.test_phase3_marketing.TestMarketingCampaigns" name="test_generate_and_list_campaign" time="12.047" /><testcase classname="tests.test_phase3_marketing.TestMarketing" name="test_get_after_generate_persists" time="0.071" /><testcase classname="tests.test_phase3_marketing.TestMarketing" name="test_post_workflow_status" time="0.199" /><testcase classname="tests.test_phase3_marketing.TestMarketing" name="test_execution_analytics_and_briefing" time="8.771" /></testsuite></testsuites>