<?xml version="1.0" encoding="utf-8"?><testsuites name="pytest tests"><testsuite name="pytest" errors="0" failures="0" skipped="0" tests="12" time="18.493" timestamp="2026-08-03T10:43:33.790053+00:00" hostname="agent-env-9c8adcd0-edf9-4e94-b412-d48ee77ed0a0"><testcase classname="tests.test_phase3_marketing.TestMarketing" name="test_get_content" time="0.450" /><testcase classname="tests.test_phase3_marketing.TestMarketing" name="test_generate_content" time="17.110" /><testcase classname="tests.test_phase3_marketing.TestMarketing" name="test_get_after_generate_persists" time="0.045" /><testcase classname="tests.test_phase3_marketing.TestSendSim" name="test_send_sim_whatsapp" time="0.094" /><testcase classname="tests.test_phase3_marketing.TestSendSim" name="test_send_sim_whatsapp_no_phone" time="0.132" /><testcase classname="tests.test_phase3_marketing.TestSendSim" name="test_send_sim_email" time="0.266" /><testcase classname="tests.test_phase3_marketing.TestSendSim" name="test_send_sim_lead_not_found" time="0.098" /><testcase classname="tests.test_phase3_marketing.TestRegression" name="test_council" time="0.046" /><testcase classname="tests.test_phase3_marketing.TestRegression" name="test_crm_leads" time="0.045" /><testcase classname="tests.test_phase3_marketing.TestRegression" name="test_crm_icp" time="0.043" /><testcase classname="tests.test_phase3_marketing.TestRegression" name="test_goal" time="0.046" /><testcase classname="tests.test_phase3_marketing.TestRegression" name="test_dashboard" time="0.043" /></testsuite></testsuites>