<?xml version="1.0" encoding="utf-8"?><testsuites name="pytest tests"><testsuite name="pytest" errors="0" failures="0" skipped="2" tests="10" time="50.839" timestamp="2026-08-17T08:07:06.509154+00:00" hostname="agent-env-69571ef5-2e57-4fd4-8250-9b8aa77fe225"><testcase classname="tests.test_marketing_image_variants" name="test_legacy_post_with_single_image_backfills_variants_and_selection" time="0.000" /><testcase classname="tests.test_marketing_image_variants" name="test_normalize_posts_preserves_variant_selection_fields" time="0.000" /><testcase classname="tests.test_marketing_image_variants_api.TestMarketingImageVariantsRetrocompat" name="test_legacy_post_migration_on_content_fetch" time="0.638" /><testcase classname="tests.test_marketing_image_variants_api.TestMarketingImageVariantsAPI" name="test_get_marketing_content_returns_posts_with_variant_fields" time="0.733" /><testcase classname="tests.test_marketing_image_variants_api.TestMarketingImageVariantsAPI" name="test_generate_marketing_content_creates_posts_with_variant_structure" time="46.829" /><testcase classname="tests.test_marketing_image_variants_api.TestMarketingImageVariantsAPI" name="test_select_image_variant_updates_post" time="0.203"><skipped type="pytest.skip" message="No post with multiple variants found - need to generate images first">/app/backend/tests/test_marketing_image_variants_api.py:100: No post with multiple variants found - need to generate images first</skipped></testcase><testcase classname="tests.test_marketing_image_variants_api.TestMarketingImageVariantsAPI" name="test_select_invalid_variant_returns_error" time="0.078"><skipped type="pytest.skip" message="No post with variants found">/app/backend/tests/test_marketing_image_variants_api.py:143: No post with variants found</skipped></testcase><testcase classname="tests.test_marketing_image_variants_api.TestMarketingImageVariantsAPI" name="test_select_variant_on_post_without_images_returns_error" time="0.166" /><testcase classname="tests.test_marketing_image_variants_api.TestMarketingImageVariantsAPI" name="test_post_status_workflow_preserves_image_variants" time="0.255" /><testcase classname="tests.test_marketing_image_variants_api.TestMarketingImageVariantsAPI" name="test_image_generation_endpoint_exists" time="0.078" /></testsuite></testsuites>