<?xml version="1.0" encoding="utf-8"?><testsuites name="pytest tests"><testsuite name="pytest" errors="0" failures="0" skipped="0" tests="4" time="1.907" timestamp="2026-08-16T14:45:58.543005+00:00" hostname="agent-env-266d009e-d132-4dd5-aa9a-d9cd12ae1cde"><testcase classname="tests.test_meta_credentials.TestMetaCredentialsConfiguration" name="test_social_status_shows_configured_true" time="0.417" /><testcase classname="tests.test_meta_credentials.TestMetaCredentialsConfiguration" name="test_social_diagnostics_confirms_credentials" time="0.368" /><testcase classname="tests.test_meta_credentials.TestMetaCredentialsConfiguration" name="test_social_requirements_shows_no_missing_credentials" time="0.401" /><testcase classname="tests.test_meta_credentials.TestMetaCredentialsConfiguration" name="test_social_connect_returns_auth_url" time="0.395" /></testsuite></testsuites>