<?xml version="1.0" encoding="utf-8"?><testsuites name="pytest tests"><testsuite name="pytest" errors="0" failures="0" skipped="0" tests="11" time="54.036" timestamp="2026-07-24T13:09:09.763698+00:00" hostname="agent-env-d9bf2787-03a2-430f-a2aa-fd9f06ef61e0"><testcase classname="tests.test_voice_chat.TestRegressionOtherRoutes" name="test_ceo_daily_200" time="0.757" /><testcase classname="tests.test_voice_chat.TestRegressionOtherRoutes" name="test_chat_sessions_200" time="0.048" /><testcase classname="tests.test_voice_chat.TestRegressionOtherRoutes" name="test_investment_grade_200" time="8.173" /><testcase classname="tests.test_voice_chat.TestVoiceChatHappyPath" name="test_first_call_returns_full_payload" time="18.240" /><testcase classname="tests.test_voice_chat.TestRegressionOtherRoutes" name="test_login_200" time="0.392" /><testcase classname="tests.test_voice_chat.TestVoiceChatErrors" name="test_unauthenticated_returns_401" time="8.784" /><testcase classname="tests.test_voice_chat.TestVoiceChatErrors" name="test_empty_file_returns_4xx" time="0.047" /><testcase classname="tests.test_voice_chat.TestVoiceChatErrors" name="test_non_audio_file_returns_error_no_crash" time="0.360" /><testcase classname="tests.test_voice_chat.TestVoiceChatHappyPath" name="test_second_call_continues_same_session" time="16.656" /><testcase classname="tests.test_voice_chat.TestVoiceChatHappyPath" name="test_chat_messages_endpoint_shows_conversation" time="0.046" /><testcase classname="tests.test_voice_chat.TestVoiceChatHappyPath" name="test_new_session_when_no_session_id" time="14.653" /></testsuite></testsuites>