<?xml version="1.0" encoding="utf-8"?><testsuites name="pytest tests"><testsuite name="pytest" errors="0" failures="0" skipped="0" tests="15" time="26.287" timestamp="2026-08-03T10:19:30.893144+00:00" hostname="agent-env-9c8adcd0-edf9-4e94-b412-d48ee77ed0a0"><testcase classname="tests.test_crm.TestICP" name="test_get_icp" time="0.458" /><testcase classname="tests.test_crm.TestICP" name="test_save_and_read_icp" time="0.276" /><testcase classname="tests.test_crm.TestICP" name="test_suggest_icp" time="6.892" /><testcase classname="tests.test_crm.TestLeads" name="test_list_leads_shape" time="0.047" /><testcase classname="tests.test_crm.TestLeads" name="test_create_lead_missing_name" time="0.043" /><testcase classname="tests.test_crm.TestLeads" name="test_create_lead_low" time="0.046" /><testcase classname="tests.test_crm.TestLeads" name="test_update_lead_recomputes_score" time="0.047" /><testcase classname="tests.test_crm.TestLeads" name="test_move_stage" time="0.049" /><testcase classname="tests.test_crm.TestLeads" name="test_move_stage_invalid" time="0.046" /><testcase classname="tests.test_crm.TestLeads" name="test_draft_email" time="5.718" /><testcase classname="tests.test_crm.TestLeads" name="test_draft_proposal" time="12.259" /><testcase classname="tests.test_crm.TestLeads" name="test_pipeline_value_excludes_perdido" time="0.096" /><testcase classname="tests.test_crm.TestLeads" name="test_delete_lead" time="0.127" /><testcase classname="tests.test_crm.TestRegression" name="test_goal" time="0.057" /><testcase classname="tests.test_crm.TestRegression" name="test_council_meeting" time="0.047" /></testsuite></testsuites>