<?xml version="1.0" encoding="utf-8"?><testsuites name="pytest tests"><testsuite name="pytest" errors="0" failures="1" skipped="0" tests="32" time="66.956" timestamp="2026-07-23T17:08:46.409915+00:00" hostname="agent-env-d9bf2787-03a2-430f-a2aa-fd9f06ef61e0"><testcase classname="tests.test_iteration9_regression.TestModularizationRegression" name="test_health_root" time="1.193" /><testcase classname="tests.test_iteration9_regression.TestModularizationRegression" name="test_auth_me" time="0.079" /><testcase classname="tests.test_iteration9_regression.TestModularizationRegression" name="test_companies_list" time="0.093"><failure message="AssertionError: assert False&#10; +  where False = isinstance({'companies': [{'id': '6a6150a1780b16d166af06ae', 'name': 'TEST_Silva &amp; Filhos', 'region': 'PT', 'currency': 'EUR', ...}, {'id': '6a615d548bac1d0d40722782', 'name': 'Obelisco Radical', 'region': 'PT', 'currency': 'EUR', ...}], 'active_company_id': '6a615d548bac1d0d40722782'}, list)&#10; +    where {'companies': [{'id': '6a6150a1780b16d166af06ae', 'name': 'TEST_Silva &amp; Filhos', 'region': 'PT', 'currency': 'EUR', ...}, {'id': '6a615d548bac1d0d40722782', 'name': 'Obelisco Radical', 'region': 'PT', 'currency': 'EUR', ...}], 'active_company_id': '6a615d548bac1d0d40722782'} = json()&#10; +      where json = &lt;Response [200]&gt;.json">tests/test_iteration9_regression.py:81: in test_companies_list
    assert isinstance(r.json(), list)
E   AssertionError: assert False
E    +  where False = isinstance({'companies': [{'id': '6a6150a1780b16d166af06ae', 'name': 'TEST_Silva &amp; Filhos', 'region': 'PT', 'currency': 'EUR', ...}, {'id': '6a615d548bac1d0d40722782', 'name': 'Obelisco Radical', 'region': 'PT', 'currency': 'EUR', ...}], 'active_company_id': '6a615d548bac1d0d40722782'}, list)
E    +    where {'companies': [{'id': '6a6150a1780b16d166af06ae', 'name': 'TEST_Silva &amp; Filhos', 'region': 'PT', 'currency': 'EUR', ...}, {'id': '6a615d548bac1d0d40722782', 'name': 'Obelisco Radical', 'region': 'PT', 'currency': 'EUR', ...}], 'active_company_id': '6a615d548bac1d0d40722782'} = json()
E    +      where json = &lt;Response [200]&gt;.json</failure></testcase><testcase classname="tests.test_iteration9_regression.TestModularizationRegression" name="test_company_get" time="0.075" /><testcase classname="tests.test_iteration9_regression.TestModularizationRegression" name="test_dna_get" time="0.077" /><testcase classname="tests.test_iteration9_regression.TestModularizationRegression" name="test_dashboard" time="0.080" /><testcase classname="tests.test_iteration9_regression.TestModularizationRegression" name="test_score" time="0.078" /><testcase classname="tests.test_iteration9_regression.TestModularizationRegression" name="test_entries_list" time="0.075" /><testcase classname="tests.test_iteration9_regression.TestModularizationRegression" name="test_entries_crud" time="0.223" /><testcase classname="tests.test_iteration9_regression.TestModularizationRegression" name="test_settings_get_put" time="0.145" /><testcase classname="tests.test_iteration9_regression.TestModularizationRegression" name="test_memories" time="0.075" /><testcase classname="tests.test_iteration9_regression.TestModularizationRegression" name="test_briefing" time="4.182" /><testcase classname="tests.test_iteration9_regression.TestModularizationRegression" name="test_subscription" time="0.293" /><testcase classname="tests.test_iteration9_regression.TestModularizationRegression" name="test_ceo_daily" time="8.579" /><testcase classname="tests.test_iteration9_regression.TestInvestmentGradeUsesDocs" name="test_documents_analyzed_positive" time="14.224" /><testcase classname="tests.test_iteration9_regression.TestInvestmentGradeUsesDocs" name="test_extracted_figures_populated" time="0.000" /><testcase classname="tests.test_iteration9_regression.TestInvestmentGradeUsesDocs" name="test_financials_checklist_done" time="0.000" /><testcase classname="tests.test_iteration9_regression.TestInvestmentGradeUsesDocs" name="test_tier_lifted" time="0.000" /><testcase classname="tests.test_iteration9_regression.TestInvestmentGradeUsesDocs" name="test_rationale_non_trivial" time="0.000" /><testcase classname="tests.test_iteration9_regression.TestInvestmentGradeUsesDocs" name="test_tier_rule_professional_requires_75_and_financials" time="0.000" /><testcase classname="tests.test_iteration9_regression.TestDocumentAIAnalysis" name="test_upload_financials_csv_returns_analysis" time="3.363" /><testcase classname="tests.test_iteration9_regression.TestModularizationRegression" name="test_decisions" time="8.667" /><testcase classname="tests.test_iteration9_regression.TestDocumentAIAnalysis" name="test_documents_list_includes_analysis" time="0.065" /><testcase classname="tests.test_iteration9_regression.TestDocumentAIAnalysis" name="test_upload_low_signal_doc" time="0.500" /><testcase classname="tests.test_iteration9_regression.TestInvestmentGradeZeroDocs" name="test_admin_grade_shape_holds_regardless" time="11.777" /><testcase classname="tests.test_iteration9_regression.TestModularizationRegression" name="test_health_index" time="0.079" /><testcase classname="tests.test_iteration9_regression.TestModularizationRegression" name="test_valuation" time="7.885" /><testcase classname="tests.test_iteration9_regression.TestModularizationRegression" name="test_report" time="26.450" /><testcase classname="tests.test_iteration9_regression.TestModularizationRegression" name="test_future" time="0.075" /><testcase classname="tests.test_iteration9_regression.TestModularizationRegression" name="test_future_simulate" time="6.644" /><testcase classname="tests.test_iteration9_regression.TestModularizationRegression" name="test_contact" time="0.090" /><testcase classname="tests.test_iteration9_regression.TestModularizationRegression" name="test_chat_streaming" time="1.265" /></testsuite></testsuites>