<?xml version="1.0" encoding="utf-8"?><testsuites name="pytest tests"><testsuite name="pytest" errors="0" failures="0" skipped="0" tests="9" time="3.110" timestamp="2026-08-08T13:46:15.990033+00:00" hostname="agent-env-57f1c673-7c48-40be-aeb3-fb9a55ba5483"><testcase classname="tests.test_erp_integrations" name="test_connect_and_status" time="0.452" /><testcase classname="tests.test_erp_integrations" name="test_inbound_payload_updates_context" time="0.244" /><testcase classname="tests.test_erp_integrations" name="test_disconnect" time="0.090" /><testcase classname="tests.test_erp_integrations" name="test_nested_payload_and_partial_merge" time="0.345" /><testcase classname="tests.test_erp_integrations" name="test_bearer_auth_mode" time="0.295" /><testcase classname="tests.test_erp_integrations" name="test_query_param_auth_mode" time="0.398" /><testcase classname="tests.test_erp_integrations" name="test_inbound_rejects_invalid_token" time="0.299" /><testcase classname="tests.test_erp_integrations" name="test_inbound_rejects_invalid_payload" time="0.324" /><testcase classname="tests.test_erp_integrations" name="test_finance_profile_uses_erp_context" time="0.318" /></testsuite></testsuites>