<?xml version="1.0" encoding="utf-8"?><testsuites name="pytest tests"><testsuite name="pytest" errors="0" failures="0" skipped="0" tests="16" time="62.563" timestamp="2026-08-11T16:40:17.736838+00:00" hostname="agent-env-a2b4286c-b798-476b-bc39-a17cf7513845"><testcase classname="tests.test_phase3_marketing.TestRegression" name="test_council" time="0.790" /><testcase classname="tests.test_phase3_marketing.TestMarketing" name="test_get_content" time="0.855" /><testcase classname="tests.test_phase3_marketing.TestRegression" name="test_crm_leads" time="0.091" /><testcase classname="tests.test_phase3_marketing.TestMarketing" name="test_generate_content" time="51.098" /><testcase classname="tests.test_phase3_marketing.TestRegression" name="test_crm_icp" time="0.081" /><testcase classname="tests.test_phase3_marketing.TestRegression" name="test_goal" time="0.098" /><testcase classname="tests.test_phase3_marketing.TestRegression" name="test_dashboard" time="0.097" /><testcase classname="tests.test_phase3_marketing.TestSendSim" name="test_send_sim_whatsapp" time="0.186" /><testcase classname="tests.test_phase3_marketing.TestSendSim" name="test_send_sim_whatsapp_no_phone" time="0.319" /><testcase classname="tests.test_phase3_marketing.TestSendSim" name="test_send_sim_email" time="0.219" /><testcase classname="tests.test_phase3_marketing.TestSendSim" name="test_send_sim_lead_not_found" time="0.214" /><testcase classname="tests.test_phase3_marketing.TestSocialCompanyIsolation" name="test_social_status_isolated_by_active_company" time="0.743" /><testcase classname="tests.test_phase3_marketing.TestSocialCompanyIsolation" name="test_social_jobs_isolated_by_active_company" time="0.639" /><testcase classname="tests.test_phase3_marketing.TestMarketing" name="test_get_after_generate_persists" time="0.085" /><testcase classname="tests.test_phase3_marketing.TestMarketing" name="test_post_workflow_status" time="0.243" /><testcase classname="tests.test_phase3_marketing.TestMarketing" name="test_execution_analytics_and_briefing" time="9.477" /></testsuite></testsuites>