<?xml version="1.0" encoding="utf-8"?><testsuites name="pytest tests"><testsuite name="pytest" errors="0" failures="0" skipped="0" tests="10" time="4.888" timestamp="2026-08-16T16:02:04.888974+00:00" hostname="agent-env-266d009e-d132-4dd5-aa9a-d9cd12ae1cde"><testcase classname="tests.test_meta_metrics_readiness" name="test_live_metrics_ready_when_insights_scopes_exist" time="0.000" /><testcase classname="tests.test_meta_metrics_readiness" name="test_live_metrics_stay_mocked_without_insights_scopes" time="0.000" /><testcase classname="tests.test_meta_metrics_refresh.TestMetaMetricsRefresh" name="test_metrics_refresh_endpoint_exists_and_responds" time="0.571" /><testcase classname="tests.test_meta_credentials.TestMetaCredentialsConfiguration" name="test_social_status_shows_configured_true" time="0.663" /><testcase classname="tests.test_meta_metrics_refresh.TestMetaMetricsRefresh" name="test_metrics_refresh_returns_not_ready_when_insights_missing" time="0.562" /><testcase classname="tests.test_meta_credentials.TestMetaCredentialsConfiguration" name="test_social_diagnostics_confirms_credentials" time="0.539" /><testcase classname="tests.test_meta_metrics_refresh.TestSocialStatusMetricsFields" name="test_social_status_includes_metrics_fields" time="0.692" /><testcase classname="tests.test_meta_credentials.TestMetaCredentialsConfiguration" name="test_social_requirements_shows_no_missing_credentials" time="0.671" /><testcase classname="tests.test_meta_metrics_refresh.TestSocialStatusMetricsFields" name="test_diagnostics_includes_insights_permissions_check" time="0.561" /><testcase classname="tests.test_meta_credentials.TestMetaCredentialsConfiguration" name="test_social_connect_returns_auth_url" time="0.583" /></testsuite></testsuites>