<?xml version="1.0" encoding="utf-8"?><testsuites name="pytest tests"><testsuite name="pytest" errors="0" failures="1" skipped="0" tests="14" time="78.559" timestamp="2026-07-25T10:42:33.810399+00:00" hostname="agent-env-d9bf2787-03a2-430f-a2aa-fd9f06ef61e0"><testcase classname="tests.test_founder_admin.TestAdminAuth" name="test_unauth_returns_401_or_403" time="1.131" /><testcase classname="tests.test_founder_admin.TestPremiumGating" name="test_free_user_gets_402" time="8.203"><failure message="AssertionError: /decisions free got 200 {&quot;verdict&quot;:&quot;Hoje a empresa está em fase crítica de arranque: sem caixa, sem clientes e sem margem para adiar decisões comerciais.&quot;,&quot;decisions&quot;:[{&quot;title&quot;:&quot;Definir o setor e a oferta comercial nas próxi&#10;assert 200 == 402&#10; +  where 200 = &lt;Response [200]&gt;.status_code">backend/tests/test_founder_admin.py:126: in test_free_user_gets_402
    assert r.status_code == 402, f"{ep} free got {r.status_code} {r.text[:200]}"
E   AssertionError: /decisions free got 200 {"verdict":"Hoje a empresa está em fase crítica de arranque: sem caixa, sem clientes e sem margem para adiar decisões comerciais.","decisions":[{"title":"Definir o setor e a oferta comercial nas próxi
E   assert 200 == 402
E    +  where 200 = &lt;Response [200]&gt;.status_code</failure></testcase><testcase classname="tests.test_founder_admin.TestAdminAuth" name="test_free_user_gets_403" time="0.661" /><testcase classname="tests.test_founder_admin.TestAdminAuth" name="test_admin_gets_200" time="0.541" /><testcase classname="tests.test_founder_admin.TestCheckoutGuards" name="test_enterprise_returns_400" time="0.045" /><testcase classname="tests.test_founder_admin.TestCheckoutGuards" name="test_founder_closed_when_campaign_off" time="0.516" /><testcase classname="tests.test_founder_admin.TestSubscription" name="test_admin_is_premium" time="0.045" /><testcase classname="tests.test_founder_admin.TestSubscription" name="test_free_is_not_premium" time="0.044" /><testcase classname="tests.test_founder_admin.TestFoundersStatus" name="test_status_shape" time="0.093" /><testcase classname="tests.test_founder_admin.TestAdminOverview" name="test_metrics_numeric" time="0.048" /><testcase classname="tests.test_founder_admin.TestProfessionalTrial" name="test_creates_checkout_url" time="0.834" /><testcase classname="tests.test_founder_admin.TestPremiumGating" name="test_free_user_ceo_daily_locked" time="6.955" /><testcase classname="tests.test_founder_admin.TestPremiumGating" name="test_free_user_signals_locked" time="3.587" /><testcase classname="tests.test_founder_admin.TestPremiumGating" name="test_admin_full_access" time="59.224" /></testsuite></testsuites>