<?xml version="1.0" encoding="utf-8"?><testsuites name="pytest tests"><testsuite name="pytest" errors="0" failures="0" skipped="0" tests="3" time="15.472" timestamp="2026-07-23T16:48:07.599689+00:00" hostname="agent-env-d9bf2787-03a2-430f-a2aa-fd9f06ef61e0"><testcase classname="tests.test_ceo_daily.TestCEOChatPersonality" name="test_takes_position_no_depende" time="14.976" /><testcase classname="tests.test_ceo_daily.TestCeoDaily" name="test_shape" time="0.793" /><testcase classname="tests.test_ceo_daily.TestCeoDaily" name="test_cached_on_second_call" time="0.105" /></testsuite></testsuites>