<?xml version="1.0" encoding="utf-8"?><testsuites name="pytest tests"><testsuite name="pytest" errors="0" failures="0" skipped="0" tests="6" time="7.247" timestamp="2026-07-31T16:55:09.550666+00:00" hostname="agent-env-fe10ba78-3a41-497f-bde4-0d09812ea751"><testcase classname="tests.test_goals" name="test_goal_requires_premium" time="0.564" /><testcase classname="tests.test_goals" name="test_get_goal_admin_initial" time="0.443" /><testcase classname="tests.test_goals" name="test_save_goal_and_compute" time="0.098" /><testcase classname="tests.test_goals" name="test_save_goal_deadline_by_date" time="0.106" /><testcase classname="tests.test_goals" name="test_goal_persistence" time="0.060" /><testcase classname="tests.test_goals" name="test_goal_plan_on_demand" time="5.636" /></testsuite></testsuites>