<?xml version="1.0" encoding="utf-8"?><testsuites name="pytest tests"><testsuite name="pytest" errors="0" failures="0" skipped="0" tests="11" time="51.617" timestamp="2026-07-23T17:30:22.826191+00:00" hostname="agent-env-d9bf2787-03a2-430f-a2aa-fd9f06ef61e0"><testcase classname="tests.test_voice_chat.TestRegressionOtherRoutes" name="test_ceo_daily_200" time="0.915" /><testcase classname="tests.test_voice_chat.TestRegressionOtherRoutes" name="test_chat_sessions_200" time="0.070" /><testcase classname="tests.test_voice_chat.TestRegressionOtherRoutes" name="test_investment_grade_200" time="12.972" /><testcase classname="tests.test_voice_chat.TestVoiceChatHappyPath" name="test_first_call_returns_full_payload" time="14.201" /><testcase classname="tests.test_voice_chat.TestRegressionOtherRoutes" name="test_login_200" time="0.479" /><testcase classname="tests.test_voice_chat.TestVoiceChatHappyPath" name="test_second_call_continues_same_session" time="15.179" /><testcase classname="tests.test_voice_chat.TestVoiceChatErrors" name="test_unauthenticated_returns_401" time="4.176" /><testcase classname="tests.test_voice_chat.TestVoiceChatErrors" name="test_empty_file_returns_4xx" time="0.085" /><testcase classname="tests.test_voice_chat.TestVoiceChatErrors" name="test_non_audio_file_returns_error_no_crash" time="0.710" /><testcase classname="tests.test_voice_chat.TestVoiceChatHappyPath" name="test_chat_messages_endpoint_shows_conversation" time="0.077" /><testcase classname="tests.test_voice_chat.TestVoiceChatHappyPath" name="test_new_session_when_no_session_id" time="17.633" /></testsuite></testsuites>