<?xml version="1.0" encoding="utf-8"?><testsuites name="pytest tests"><testsuite name="pytest" errors="0" failures="0" skipped="0" tests="7" time="1.593" timestamp="2026-07-31T21:14:16.971407+00:00" hostname="agent-env-9c8adcd0-edf9-4e94-b412-d48ee77ed0a0"><testcase classname="tests.test_goal_valuation_hybrid" name="test_valuation_object_structure" time="0.568" /><testcase classname="tests.test_goal_valuation_hybrid" name="test_method_revenue" time="0.121" /><testcase classname="tests.test_goal_valuation_hybrid" name="test_method_ebitda_custom_multiple" time="0.117" /><testcase classname="tests.test_goal_valuation_hybrid" name="test_custom_multiple_persists_on_partial_post" time="0.209" /><testcase classname="tests.test_goal_valuation_hybrid" name="test_null_custom_clears_override" time="0.160" /><testcase classname="tests.test_goal_valuation_hybrid" name="test_method_auto" time="0.114" /><testcase classname="tests.test_goal_valuation_hybrid" name="test_share_regression" time="0.234" /></testsuite></testsuites>