<?xml version="1.0" encoding="utf-8"?><testsuites name="pytest tests"><testsuite name="pytest" errors="0" failures="0" skipped="0" tests="13" time="18.554" timestamp="2026-08-05T23:09:38.153677+00:00" hostname="agent-env-9c8adcd0-edf9-4e94-b412-d48ee77ed0a0"><testcase classname="tests.test_grants" name="test_get_profile" time="0.503" /><testcase classname="tests.test_grants" name="test_post_profile_updates_focus_country" time="0.119" /><testcase classname="tests.test_grants" name="test_opportunities_pt_count_and_shape" time="0.088" /><testcase classname="tests.test_grants" name="test_opportunities_br_count" time="0.051" /><testcase classname="tests.test_grants" name="test_create_application_idempotent" time="0.105" /><testcase classname="tests.test_grants" name="test_list_applications" time="0.048" /><testcase classname="tests.test_grants" name="test_patch_application_status_and_deadline" time="0.064" /><testcase classname="tests.test_grants" name="test_patch_application_invalid_status" time="0.055" /><testcase classname="tests.test_grants" name="test_patch_application_not_found" time="0.046" /><testcase classname="tests.test_grants" name="test_toggle_checklist_and_steps" time="0.097" /><testcase classname="tests.test_grants" name="test_run_alert_eval_creates_notification" time="0.140" /><testcase classname="tests.test_grants" name="test_delete_application" time="0.092" /><testcase classname="tests.test_grants" name="test_analyze_ai" time="16.810" /></testsuite></testsuites>