<?xml version="1.0" encoding="utf-8"?><testsuites name="pytest tests"><testsuite name="pytest" errors="0" failures="0" skipped="0" tests="2" time="109.963" timestamp="2026-08-13T21:48:52.748716+00:00" hostname="agent-env-ae8774a0-9c78-4883-a623-c01281a7f492"><testcase classname="tests.test_phase3_marketing.TestSitePublishingGateway" name="test_site_publishing_gateway_architecture_and_flow" time="51.729" /><testcase classname="tests.test_phase3_marketing.TestGrowthAgent" name="test_growth_agent_internal_monitoring_and_reports" time="57.355" /></testsuite></testsuites>