<?xml version="1.0" encoding="utf-8"?><testsuites name="pytest tests"><testsuite name="pytest" errors="0" failures="0" skipped="0" tests="13" time="12.662" timestamp="2026-07-22T23:57:30.742905+00:00" hostname="agent-env-d9bf2787-03a2-430f-a2aa-fd9f06ef61e0"><testcase classname="tests.test_phase2.TestCompanies" name="test_list_companies_returns_active" time="0.712" /><testcase classname="tests.test_phase2.TestStripeCheckout" name="test_checkout_monthly" time="1.654" /><testcase classname="tests.test_phase2.TestCompanies" name="test_create_second_company_and_isolation" time="3.073" /><testcase classname="tests.test_phase2.TestStripeCheckout" name="test_checkout_yearly" time="0.767" /><testcase classname="tests.test_phase2.TestStripeCheckout" name="test_checkout_invalid_lookup" time="0.140" /><testcase classname="tests.test_phase2.TestStripeCheckout" name="test_payment_status_pending" time="0.905" /><testcase classname="tests.test_phase2.TestChatSessions" name="test_create_and_list_session" time="1.757" /><testcase classname="tests.test_phase2.TestCompanies" name="test_switch_to_invalid_company" time="0.050" /><testcase classname="tests.test_phase2.TestPremiumGatingBefore" name="test_subscription_endpoint" time="0.050" /><testcase classname="tests.test_phase2.TestPremiumGatingBefore" name="test_future_gated_403" time="0.055" /><testcase classname="tests.test_phase2.TestPremiumGatingBefore" name="test_simulate_gated_403" time="0.050" /><testcase classname="tests.test_phase2.TestPremiumAfterActivation" name="test_activate_and_access_future" time="6.288" /><testcase classname="tests.test_phase2.TestBankConnect" name="test_bank_connect_imports_movements" time="0.213" /></testsuite></testsuites>