<?xml version="1.0" encoding="utf-8"?><testsuites name="pytest tests"><testsuite name="pytest" errors="0" failures="0" skipped="0" tests="7" time="4.080" timestamp="2026-07-23T00:25:50.109820+00:00" hostname="agent-env-d9bf2787-03a2-430f-a2aa-fd9f06ef61e0"><testcase classname="tests.test_subscription.TestSubscriptionEndpoint" name="test_requires_auth" time="0.442" /><testcase classname="tests.test_subscription.TestBillingPortal" name="test_admin_portal_returns_url" time="0.911" /><testcase classname="tests.test_subscription.TestSubscriptionEndpoint" name="test_admin_premium_shape" time="0.993" /><testcase classname="tests.test_subscription.TestBillingPortal" name="test_free_user_portal_400" time="0.527" /><testcase classname="tests.test_subscription.TestCancelSubscription" name="test_free_user_cancel_400" time="0.044" /><testcase classname="tests.test_subscription.TestCancelSubscription" name="test_admin_cancel_sets_cancel_at_period_end" time="2.051" /><testcase classname="tests.test_subscription.TestSubscriptionEndpoint" name="test_free_user_shape" time="0.848" /></testsuite></testsuites>