<?xml version="1.0" encoding="utf-8"?><testsuites name="pytest tests"><testsuite name="pytest" errors="0" failures="0" skipped="0" tests="11" time="8.816" timestamp="2026-07-23T00:09:07.187852+00:00" hostname="agent-env-d9bf2787-03a2-430f-a2aa-fd9f06ef61e0"><testcase classname="tests.test_investment_grade.TestInvestmentGradeGating" name="test_requires_auth" time="0.255" /><testcase classname="tests.test_investment_grade.TestInvestmentGradeGating" name="test_non_premium_gets_403" time="0.594" /><testcase classname="tests.test_investment_grade.TestGradeLetterMapping" name="test_score_88_is_A" time="0.001" /><testcase classname="tests.test_investment_grade.TestInvestmentGradePremium" name="test_top_level_shape" time="8.287" /><testcase classname="tests.test_investment_grade.TestInvestmentGradePremium" name="test_overall_grade_letter" time="0.000" /><testcase classname="tests.test_investment_grade.TestInvestmentGradePremium" name="test_dimensions_five_with_expected_keys" time="0.000" /><testcase classname="tests.test_investment_grade.TestInvestmentGradePremium" name="test_grade_consistent_with_score" time="0.000" /><testcase classname="tests.test_investment_grade.TestInvestmentGradePremium" name="test_value_range_bounds" time="0.000" /><testcase classname="tests.test_investment_grade.TestInvestmentGradePremium" name="test_confidence_shape" time="0.000" /><testcase classname="tests.test_investment_grade.TestInvestmentGradePremium" name="test_rationale_and_disclaimer_non_empty" time="0.000" /><testcase classname="tests.test_investment_grade.TestInvestmentGradePremium" name="test_improvement_plan_is_list" time="0.000" /></testsuite></testsuites>