<?xml version="1.0" encoding="utf-8"?><testsuites name="pytest tests"><testsuite name="pytest" errors="0" failures="0" skipped="0" tests="10" time="32.745" timestamp="2026-07-23T06:10:04.284194+00:00" hostname="agent-env-d9bf2787-03a2-430f-a2aa-fd9f06ef61e0"><testcase classname="tests.test_documents_upload.TestDocumentsCRUD" name="test_list_documents_starts_clean" time="0.687" /><testcase classname="tests.test_documents_upload.TestInvestmentGradeChecklist" name="test_checklist_has_upload_type_only_on_document_items" time="8.644" /><testcase classname="tests.test_documents_upload.TestDocumentsCRUD" name="test_upload_with_doc_type_financials" time="0.598" /><testcase classname="tests.test_documents_upload.TestDocumentsCRUD" name="test_upload_default_doc_type_is_other" time="0.497" /><testcase classname="tests.test_documents_upload.TestDocumentsCRUD" name="test_get_documents_returns_uploaded" time="0.056" /><testcase classname="tests.test_documents_upload.TestDocumentsCRUD" name="test_delete_document_soft_deletes" time="0.638" /><testcase classname="tests.test_documents_upload.TestDocumentsCRUD" name="test_documents_requires_auth" time="0.095" /><testcase classname="tests.test_documents_upload.TestUploadAuth" name="test_upload_requires_auth" time="0.216" /><testcase classname="tests.test_documents_upload.TestInvestmentGradeChecklist" name="test_uploading_toggles_done_and_raises_tier" time="16.416" /><testcase classname="tests.test_documents_upload.TestInvestmentGradeChecklist" name="test_soft_delete_removes_done_flag" time="7.196" /></testsuite></testsuites>