<?xml version="1.0" encoding="utf-8"?><testsuites name="pytest tests"><testsuite name="pytest" errors="0" failures="0" skipped="0" tests="6" time="9.961" timestamp="2026-07-23T06:40:19.727963+00:00" hostname="agent-env-d9bf2787-03a2-430f-a2aa-fd9f06ef61e0"><testcase classname="tests.test_briefing_email.TestBriefingEmail" name="test_briefing_email_requires_auth" time="0.238" /><testcase classname="tests.test_briefing_email.TestBriefingEmail" name="test_briefing_email_sends_to_current_user" time="4.576" /><testcase classname="tests.test_briefing_email.TestSettingsEmailBriefing" name="test_get_settings_exposes_email_briefing_field" time="0.776" /><testcase classname="tests.test_briefing_email.TestSettingsEmailBriefing" name="test_put_settings_persists_email_briefing_true" time="0.151" /><testcase classname="tests.test_briefing_email.TestSettingsEmailBriefing" name="test_put_settings_persists_email_briefing_false" time="0.122" /><testcase classname="tests.test_briefing_email.TestBriefingGet" name="test_briefing_returns_greeting_items_and_health" time="4.640" /></testsuite></testsuites>