<?xml version="1.0" encoding="utf-8"?><testsuites name="pytest tests"><testsuite name="pytest" errors="0" failures="0" skipped="0" tests="21" time="9.119" timestamp="2026-07-22T23:25:39.014216+00:00" hostname="agent-env-d9bf2787-03a2-430f-a2aa-fd9f06ef61e0"><testcase classname="tests.test_ceo_ai.TestAuth" name="test_login_admin" time="0.713" /><testcase classname="tests.test_ceo_ai.TestAuth" name="test_login_invalid" time="0.335" /><testcase classname="tests.test_ceo_ai.TestEntries" name="test_create_income_and_list" time="1.049" /><testcase classname="tests.test_ceo_ai.TestAuth" name="test_me_no_cookie" time="0.099" /><testcase classname="tests.test_ceo_ai.TestEntries" name="test_create_expense_and_delete" time="0.438" /><testcase classname="tests.test_ceo_ai.TestEntries" name="test_import_csv_ai" time="1.359" /><testcase classname="tests.test_ceo_ai.TestAuth" name="test_register_new_user_and_me" time="0.433" /><testcase classname="tests.test_ceo_ai.TestAuth" name="test_register_duplicate" time="0.114" /><testcase classname="tests.test_ceo_ai.TestAuth" name="test_logout_clears_cookie" time="0.430" /><testcase classname="tests.test_ceo_ai.TestAuth" name="test_google_session_no_header" time="0.114" /><testcase classname="tests.test_ceo_ai.TestFuture" name="test_future_projection" time="0.052" /><testcase classname="tests.test_ceo_ai.TestFuture" name="test_future_simulate" time="6.066" /><testcase classname="tests.test_ceo_ai.TestOnboarding" name="test_save_company" time="0.106" /><testcase classname="tests.test_ceo_ai.TestOnboarding" name="test_save_dna" time="0.104" /><testcase classname="tests.test_ceo_ai.TestDashboard" name="test_dashboard_shape" time="0.060" /><testcase classname="tests.test_ceo_ai.TestBriefing" name="test_briefing_ai" time="3.442" /><testcase classname="tests.test_ceo_ai.TestChatStreaming" name="test_chat_stream" time="1.535" /><testcase classname="tests.test_ceo_ai.TestScore" name="test_score" time="0.059" /><testcase classname="tests.test_ceo_ai.TestMemories" name="test_memory_crud" time="0.263" /><testcase classname="tests.test_ceo_ai.TestSettings" name="test_settings_get_defaults" time="0.048" /><testcase classname="tests.test_ceo_ai.TestSettings" name="test_settings_update" time="0.137" /></testsuite></testsuites>