<?xml version="1.0" encoding="utf-8"?><testsuites name="pytest tests"><testsuite name="pytest" errors="0" failures="0" skipped="0" tests="5" time="121.415" timestamp="2026-07-24T23:46:01.420521+00:00" hostname="agent-env-d9bf2787-03a2-430f-a2aa-fd9f06ef61e0"><testcase classname="tests.test_sector_specialization" name="test_login_ok" time="0.573" /><testcase classname="tests.test_sector_specialization" name="test_restaurant_sector_produces_restaurant_language" time="34.139" /><testcase classname="tests.test_sector_specialization" name="test_construction_sector_switches_language" time="36.648" /><testcase classname="tests.test_sector_specialization" name="test_ceo_daily_returns_valid_json_after_sector_change" time="11.667" /><testcase classname="tests.test_sector_specialization" name="test_cache_invalidation_switches_output" time="37.913" /></testsuite></testsuites>