<?xml version="1.0" encoding="utf-8"?><testsuites name="pytest tests"><testsuite name="pytest" errors="0" failures="0" skipped="0" tests="3" time="1.140" timestamp="2026-07-24T23:32:06.777070+00:00" hostname="agent-env-d9bf2787-03a2-430f-a2aa-fd9f06ef61e0"><testcase classname="tests.test_signals.TestSignalsAuth" name="test_requires_auth" time="0.501" /><testcase classname="tests.test_signals.TestSignalsShape" name="test_shape_and_quantified" time="0.555" /><testcase classname="tests.test_signals.TestSignalsShape" name="test_cached_on_second_call" time="0.107" /></testsuite></testsuites>